2021-01-30 19:44:17,629 INFO Starting Nacos v1.4.1 on DESKTOP-AI6P5KR with PID 12852 (F:\zephyr_repo\zephyr\zephyr-registry\nacos\target\nacos-server.jar started by hyq in F:\zephyr_repo\zephyr\zephyr-registry\nacos\bin)

2021-01-30 19:44:17,629 INFO The following profiles are active: standalone

2021-01-30 19:44:25,311 INFO Bean 'org.springframework.security.access.expression.method.DefaultMethodSecurityExpressionHandler@147a5d08' of type [org.springframework.security.access.expression.method.DefaultMethodSecurityExpressionHandler] is not eligible for getting processed by all BeanPostProcessors (for example: not eligible for auto-proxying)

2021-01-30 19:44:25,320 INFO Bean 'methodSecurityMetadataSource' of type [org.springframework.security.access.method.DelegatingMethodSecurityMetadataSource] is not eligible for getting processed by all BeanPostProcessors (for example: not eligible for auto-proxying)

2021-01-30 19:44:26,391 INFO Tomcat initialized with port(s): 8848 (http)

2021-01-30 19:44:26,451 INFO Starting service [Tomcat]

2021-01-30 19:44:26,451 INFO Starting Servlet engine: [Apache Tomcat/9.0.38]

2021-01-30 19:44:26,978 INFO At least one JAR was scanned for TLDs yet contained no TLDs. Enable debug logging for this logger for a complete list of JARs that were scanned but no TLDs were found in them. Skipping unneeded JARs during scanning can improve startup time and JSP compilation time.

2021-01-30 19:44:27,038 INFO Initializing Spring embedded WebApplicationContext

2021-01-30 19:44:27,039 INFO Root WebApplicationContext: initialization completed in 9285 ms

2021-01-30 19:44:28,069 INFO HikariPool-1 - Starting...

2021-01-30 19:44:28,073 WARN Registered driver with driverClassName=org.apache.derby.jdbc.EmbeddedDriver was not found, trying direct instantiation.

2021-01-30 19:44:32,074 INFO HikariPool-1 - Driver does not support get/set network timeout for connections. (Feature not implemented: No details.)

2021-01-30 19:44:32,080 INFO HikariPool-1 - Start completed.

2021-01-30 19:44:37,223 INFO Nacos-related cluster resource initialization

2021-01-30 19:44:37,258 INFO The cluster resource is initialized

2021-01-30 19:44:38,069 INFO Reflections took 115 ms to scan 1 urls, producing 4 keys and 6 values 

2021-01-30 19:44:38,142 INFO Reflections took 14 ms to scan 1 urls, producing 6 keys and 26 values 

2021-01-30 19:44:38,172 INFO Reflections took 10 ms to scan 1 urls, producing 3 keys and 15 values 

2021-01-30 19:44:38,192 INFO Reflections took 4 ms to scan 1 urls, producing 2 keys and 12 values 

2021-01-30 19:44:40,163 INFO Initializing ExecutorService 'applicationTaskExecutor'

2021-01-30 19:44:40,484 INFO Adding welcome page: class path resource [static/index.html]

2021-01-30 19:44:41,806 INFO Creating filter chain: Ant [pattern='/**'], []

2021-01-30 19:44:41,920 INFO Creating filter chain: any request, [org.springframework.security.web.context.request.async.WebAsyncManagerIntegrationFilter@2b5cb9b2, org.springframework.security.web.context.SecurityContextPersistenceFilter@62f87c44, org.springframework.security.web.header.HeaderWriterFilter@287f94b1, org.springframework.security.web.csrf.CsrfFilter@21a5fd96, org.springframework.security.web.authentication.logout.LogoutFilter@327120c8, org.springframework.security.web.savedrequest.RequestCacheAwareFilter@525d79f0, org.springframework.security.web.servletapi.SecurityContextHolderAwareRequestFilter@158d255c, org.springframework.security.web.authentication.AnonymousAuthenticationFilter@35038141, org.springframework.security.web.session.SessionManagementFilter@5489c777, org.springframework.security.web.access.ExceptionTranslationFilter@5c77053b]

2021-01-30 19:44:42,466 INFO Initializing ExecutorService 'taskScheduler'

2021-01-30 19:44:42,520 INFO Exposing 2 endpoint(s) beneath base path '/actuator'

2021-01-30 19:44:42,813 INFO Tomcat started on port(s): 8848 (http) with context path '/nacos'

2021-01-30 19:44:42,818 INFO Started Nacos in 27.661 seconds (JVM running for 28.696)

2021-01-30 19:44:42,818 INFO Nacos started successfully in stand alone mode. use embedded storage

2021-01-30 19:44:49,344 INFO Initializing Spring DispatcherServlet 'dispatcherServlet'

2021-01-30 19:44:49,344 INFO Initializing Servlet 'dispatcherServlet'

2021-01-30 19:44:49,364 INFO Completed initialization in 19 ms

2021-01-30 19:50:06,022 WARN [ThreadPoolManager] Start destroying ThreadPool

2021-01-30 19:50:06,022 WARN [WatchFileCenter] start close

2021-01-30 19:50:06,023 WARN [ConfigServer-HttpClientManager] Start destroying NacosRestTemplate

2021-01-30 19:50:06,023 WARN [WatchFileCenter] start to shutdown this watcher which is watch : F:\zephyr_repo\zephyr\zephyr-registry\nacos\conf

2021-01-30 19:50:06,025 WARN [HttpClientBeanHolder] Start destroying common HttpClient

2021-01-30 19:50:06,025 WARN [ConfigServer-HttpClientManager] Destruction of the end

2021-01-30 19:50:06,025 WARN [NotifyCenter] Start destroying Publisher

2021-01-30 19:50:06,061 WARN [HttpClientBeanHolder] Destruction of the end

2021-01-30 19:50:06,025 WARN [WatchFileCenter] already closed

2021-01-30 19:50:06,061 WARN [NotifyCenter] Destruction of the end

2021-01-30 19:50:06,063 INFO Shutting down ExecutorService 'taskScheduler'

2021-01-30 19:50:06,064 INFO Shutting down ExecutorService 'applicationTaskExecutor'

2021-01-30 19:50:21,692 WARN [ThreadPoolManager] Destruction of the end

