2021-01-31 11:34:24,568 INFO raft peers changed: [Member{ip='192.168.0.6', port=8848, state=UP, extendInfo={raftPort=7848}}]

2021-01-31 11:34:24,605 INFO initializing Raft sub-system

2021-01-31 11:34:24,605 INFO finish loading all datums, size: 0 cost 0 ms.

2021-01-31 11:34:24,609 INFO cache loaded, datum count: 0, current term: 0

2021-01-31 11:34:24,609 INFO finish to load data from disk, cost: 4 ms.

2021-01-31 11:34:24,613 INFO timer started: leader timeout ms: 15000, heart-beat timeout ms: 5000

2021-01-31 11:34:25,253 INFO add listener: com.alibaba.nacos.naming.domains.meta.00-00---000-NACOS_SWITCH_DOMAIN-000---00-00

2021-01-31 11:34:25,273 INFO add listener: com.alibaba.nacos.naming.domains.meta.

2021-01-31 11:34:29,550 WARN start to close old raft protocol!!!

2021-01-31 11:34:29,550 WARN stop old raft protocol task for notifier

2021-01-31 11:34:29,550 WARN stop old raft protocol task for master task

2021-01-31 11:34:29,550 WARN stop old raft protocol task for heartbeat task

2021-01-31 11:34:29,550 WARN clean old cache datum for old raft

2021-01-31 11:34:29,550 WARN start to close old raft protocol!!!

2021-01-31 11:34:29,550 WARN stop old raft protocol task for notifier

2021-01-31 11:34:29,550 WARN stop old raft protocol task for master task

2021-01-31 11:34:29,550 WARN stop old raft protocol task for heartbeat task

2021-01-31 11:34:29,550 WARN clean old cache datum for old raft

2021-01-31 11:34:29,550 WARN start to move old raft protocol metadata

2021-01-31 11:34:29,552 WARN start to move old raft protocol metadata

2021-01-31 11:34:29,553 INFO raft peers changed: [Member{ip='192.168.0.6', port=8848, state=UP, extendInfo={lastRefreshTime=1612064069552, raftPort=7848, version=1.4.1}}]

2021-01-31 11:54:50,697 INFO add listener: com.alibaba.nacos.naming.iplist.public##DEFAULT_GROUP@@zephyr-auth

2021-01-31 12:14:33,352 INFO add listener: com.alibaba.nacos.naming.iplist.public##DEFAULT_GROUP@@system-biz

